2022-08-30T06:52:40+00:00 CRITICAL Uncaught Error: Class 'WP_Bootstrap_Navwalker' not found in /var/www/html/wp-content/plugins/brighty-core/templates/user-dashboard.php:68
Stack trace:
#0 /var/www/html/wp-includes/template-loader.php(106): include()
#1 /var/www/html/wp-blog-header.php(19): require_once('/var/www/html/w...')
#2 /var/www/html/index.php(17): require('/var/www/html/w...')
#3 {main}
  thrown in /var/www/html/wp-content/plugins/brighty-core/templates/user-dashboard.php on line 68

2022-08-30T17:26:15+00:00 CRITICAL Uncaught Error: Call to a member function have_posts() on null in /var/www/html/wp-content/plugins/brighty-core/functions/do.php:102
Stack trace:
#0 /var/www/html/wp-includes/shortcodes.php(356): invoices_shortcode('', '', 'brighty-invoice...')
#1 [internal function]: do_shortcode_tag(Array)
#2 /var/www/html/wp-includes/shortcodes.php(228): preg_replace_callback('/\\[(\\[?)(bright...', 'do_shortcode_ta...', '\n[brighty-invoi...')
#3 /var/www/html/wp-includes/class-wp-hook.php(307): do_shortcode('\n[brighty-invoi...')
#4 /var/www/html/wp-includes/plugin.php(191): WP_Hook->apply_filters('\n[brighty-invoi...', Array)
#5 /var/www/html/wp-includes/post-template.php(253): apply_filters('the_content', '<!-- wp:paragra...')
#6 /var/www/html/wp-content/plugins/brighty-core/templates/user-dashboard.php(313): the_content()
#7 /var/www/html/wp-includes/template-loader.php(106): include('/var/www/html/w...')
#8 /var/www/html/wp-blog-header.php(19): require_once('/var/www/html/w...')
#9 /var/www/html/index.php(17): require in /var/www/html/wp-content/plugins/brighty-core/functions/do.php on line 102

2022-08-30T17:26:27+00:00 CRITICAL Uncaught Error: Call to a member function have_posts() on null in /var/www/html/wp-content/plugins/brighty-core/functions/do.php:102
Stack trace:
#0 /var/www/html/wp-includes/shortcodes.php(356): invoices_shortcode('', '', 'brighty-invoice...')
#1 [internal function]: do_shortcode_tag(Array)
#2 /var/www/html/wp-includes/shortcodes.php(228): preg_replace_callback('/\\[(\\[?)(bright...', 'do_shortcode_ta...', '\n[brighty-invoi...')
#3 /var/www/html/wp-includes/class-wp-hook.php(307): do_shortcode('\n[brighty-invoi...')
#4 /var/www/html/wp-includes/plugin.php(191): WP_Hook->apply_filters('\n[brighty-invoi...', Array)
#5 /var/www/html/wp-includes/post-template.php(253): apply_filters('the_content', '<!-- wp:paragra...')
#6 /var/www/html/wp-content/plugins/brighty-core/templates/user-dashboard.php(313): the_content()
#7 /var/www/html/wp-includes/template-loader.php(106): include('/var/www/html/w...')
#8 /var/www/html/wp-blog-header.php(19): require_once('/var/www/html/w...')
#9 /var/www/html/index.php(17): require in /var/www/html/wp-content/plugins/brighty-core/functions/do.php on line 102

