2022-09-29T18:25:51+00:00 CRITICAL Uncaught Error: Class 'MBB\PostType' not found in /var/www/html/wp-content/plugins/meta-box-builder/bootstrap.php:8
Stack trace:
#0 /var/www/html/wp-content/plugins/meta-box-builder/meta-box-builder.php(41): require()
#1 /var/www/html/wp-includes/class-wp-hook.php(307): mb_builder_load('')
#2 /var/www/html/wp-includes/class-wp-hook.php(331): WP_Hook->apply_filters(NULL, Array)
#3 /var/www/html/wp-includes/plugin.php(476): WP_Hook->do_action(Array)
#4 /var/www/html/wp-settings.php(598): do_action('init')
#5 /var/www/html/wp-config.php(134): require_once('/var/www/html/w...')
#6 /var/www/html/wp-load.php(50): require_once('/var/www/html/w...')
#7 /var/www/html/wp-admin/admin.php(34): require_once('/var/www/html/w...')
#8 /var/www/html/wp-admin/plugins.php(10): require_once('/var/www/html/w...')
#9 {main}
  thrown in /var/www/html/wp-content/plugins/meta-box-builder/bootstrap.php on line 8

2022-09-29T18:25:52+00:00 CRITICAL Uncaught Error: Class 'MBB\PostType' not found in /var/www/html/wp-content/plugins/meta-box-builder/bootstrap.php:8
Stack trace:
#0 /var/www/html/wp-content/plugins/meta-box-builder/meta-box-builder.php(41): require()
#1 /var/www/html/wp-includes/class-wp-hook.php(307): mb_builder_load('')
#2 /var/www/html/wp-includes/class-wp-hook.php(331): WP_Hook->apply_filters(NULL, Array)
#3 /var/www/html/wp-includes/plugin.php(476): WP_Hook->do_action(Array)
#4 /var/www/html/wp-settings.php(598): do_action('init')
#5 /var/www/html/wp-config.php(134): require_once('/var/www/html/w...')
#6 /var/www/html/wp-load.php(50): require_once('/var/www/html/w...')
#7 /var/www/html/wp-blog-header.php(13): require_once('/var/www/html/w...')
#8 /var/www/html/index.php(17): require('/var/www/html/w...')
#9 {main}
  thrown in /var/www/html/wp-content/plugins/meta-box-builder/bootstrap.php on line 8

2022-09-29T18:25:54+00:00 CRITICAL Uncaught Error: Class 'MBB\PostType' not found in /var/www/html/wp-content/plugins/meta-box-builder/bootstrap.php:8
Stack trace:
#0 /var/www/html/wp-content/plugins/meta-box-builder/meta-box-builder.php(41): require()
#1 /var/www/html/wp-includes/class-wp-hook.php(307): mb_builder_load('')
#2 /var/www/html/wp-includes/class-wp-hook.php(331): WP_Hook->apply_filters(NULL, Array)
#3 /var/www/html/wp-includes/plugin.php(476): WP_Hook->do_action(Array)
#4 /var/www/html/wp-settings.php(598): do_action('init')
#5 /var/www/html/wp-config.php(134): require_once('/var/www/html/w...')
#6 /var/www/html/wp-load.php(50): require_once('/var/www/html/w...')
#7 /var/www/html/wp-admin/admin-ajax.php(22): require_once('/var/www/html/w...')
#8 {main}
  thrown in /var/www/html/wp-content/plugins/meta-box-builder/bootstrap.php on line 8

2022-09-29T18:27:14+00:00 CRITICAL Uncaught Error: Class 'MBB\PostType' not found in /var/www/html/wp-content/plugins/meta-box-builder/bootstrap.php:8
Stack trace:
#0 /var/www/html/wp-content/plugins/meta-box-builder/meta-box-builder.php(41): require()
#1 /var/www/html/wp-includes/class-wp-hook.php(307): mb_builder_load('')
#2 /var/www/html/wp-includes/class-wp-hook.php(331): WP_Hook->apply_filters(NULL, Array)
#3 /var/www/html/wp-includes/plugin.php(476): WP_Hook->do_action(Array)
#4 /var/www/html/wp-settings.php(598): do_action('init')
#5 /var/www/html/wp-config.php(134): require_once('/var/www/html/w...')
#6 /var/www/html/wp-load.php(50): require_once('/var/www/html/w...')
#7 /var/www/html/wp-admin/admin-ajax.php(22): require_once('/var/www/html/w...')
#8 {main}
  thrown in /var/www/html/wp-content/plugins/meta-box-builder/bootstrap.php on line 8

