2022-08-29T15:55:51+00:00 CRITICAL require_once(): Failed opening required 'PREFIX_STARTER_PLUGIN_DIRadmin/basic-setup.php' (include_path='.:/usr/local/lib/php') in /var/www/html/wp-content/plugins/brighty-core/loader.php on line 12

2022-08-29T15:55:52+00:00 CRITICAL require_once(): Failed opening required 'PREFIX_STARTER_PLUGIN_DIRadmin/basic-setup.php' (include_path='.:/usr/local/lib/php') in /var/www/html/wp-content/plugins/brighty-core/loader.php on line 12

2022-08-29T15:55:52+00:00 CRITICAL require_once(): Failed opening required 'PREFIX_STARTER_PLUGIN_DIRadmin/basic-setup.php' (include_path='.:/usr/local/lib/php') in /var/www/html/wp-content/plugins/brighty-core/loader.php on line 12

2022-08-29T15:58:28+00:00 CRITICAL require_once(): Failed opening required 'BRIGHTY_CORE_STARTER_PLUGIN_DIRloader.php' (include_path='.:/usr/local/lib/php') in /var/www/html/wp-content/plugins/brighty-core/brighty-core.php on line 90

2022-08-29T15:58:29+00:00 CRITICAL require_once(): Failed opening required 'BRIGHTY_CORE_STARTER_PLUGIN_DIRloader.php' (include_path='.:/usr/local/lib/php') in /var/www/html/wp-content/plugins/brighty-core/brighty-core.php on line 90

2022-08-29T15:58:29+00:00 CRITICAL require_once(): Failed opening required 'BRIGHTY_CORE_STARTER_PLUGIN_DIRloader.php' (include_path='.:/usr/local/lib/php') in /var/www/html/wp-content/plugins/brighty-core/brighty-core.php on line 90

2022-08-29T15:59:32+00:00 CRITICAL require_once(): Failed opening required 'PREFIX_STARTER_PLUGIN_DIRadmin/basic-setup.php' (include_path='.:/usr/local/lib/php') in /var/www/html/wp-content/plugins/brighty-core/loader.php on line 12

2022-08-29T15:59:33+00:00 CRITICAL require_once(): Failed opening required 'PREFIX_STARTER_PLUGIN_DIRadmin/basic-setup.php' (include_path='.:/usr/local/lib/php') in /var/www/html/wp-content/plugins/brighty-core/loader.php on line 12

2022-08-29T15:59:33+00:00 CRITICAL require_once(): Failed opening required 'PREFIX_STARTER_PLUGIN_DIRadmin/basic-setup.php' (include_path='.:/usr/local/lib/php') in /var/www/html/wp-content/plugins/brighty-core/loader.php on line 12

2022-08-29T16:00:55+00:00 CRITICAL require_once(): Failed opening required 'PREFIX_STARTER_PLUGIN_DIRadmin/basic-setup.php' (include_path='.:/usr/local/lib/php') in /var/www/html/wp-content/plugins/brighty-core/loader.php on line 12

2022-08-29T16:00:56+00:00 CRITICAL require_once(): Failed opening required 'PREFIX_STARTER_PLUGIN_DIRadmin/basic-setup.php' (include_path='.:/usr/local/lib/php') in /var/www/html/wp-content/plugins/brighty-core/loader.php on line 12

2022-08-29T16:00:56+00:00 CRITICAL require_once(): Failed opening required 'PREFIX_STARTER_PLUGIN_DIRadmin/basic-setup.php' (include_path='.:/usr/local/lib/php') in /var/www/html/wp-content/plugins/brighty-core/loader.php on line 12

2022-08-29T16:03:56+00:00 CRITICAL require_once(): Failed opening required 'BRIGHTY_CORE_STARTER_PLUGIN_DIRloader.php' (include_path='.:/usr/local/lib/php') in /var/www/html/wp-content/plugins/brighty-core/brighty-core.php on line 90

2022-08-29T16:03:57+00:00 CRITICAL require_once(): Failed opening required 'BRIGHTY_CORE_STARTER_PLUGIN_DIRloader.php' (include_path='.:/usr/local/lib/php') in /var/www/html/wp-content/plugins/brighty-core/brighty-core.php on line 90

2022-08-29T16:03:57+00:00 CRITICAL require_once(): Failed opening required 'BRIGHTY_CORE_STARTER_PLUGIN_DIRloader.php' (include_path='.:/usr/local/lib/php') in /var/www/html/wp-content/plugins/brighty-core/brighty-core.php on line 90

2022-08-29T18:19:32+00:00 CRITICAL Uncaught Error: Call to undefined function get_default_localization() in /var/www/html/wp-content/plugins/brighty-core/templates/user-dashboard.php:22
Stack trace:
#0 /var/www/html/wp-includes/template-loader.php(106): include()
#1 /var/www/html/wp-blog-header.php(19): require_once('/var/www/html/w...')
#2 /var/www/html/index.php(17): require('/var/www/html/w...')
#3 {main}
  thrown in /var/www/html/wp-content/plugins/brighty-core/templates/user-dashboard.php on line 22

2022-08-29T18:20:23+00:00 CRITICAL Uncaught Error: Call to undefined function get_default_localization() in /var/www/html/wp-content/plugins/brighty-core/templates/user-dashboard.php:22
Stack trace:
#0 /var/www/html/wp-includes/template-loader.php(106): include()
#1 /var/www/html/wp-blog-header.php(19): require_once('/var/www/html/w...')
#2 /var/www/html/index.php(17): require('/var/www/html/w...')
#3 {main}
  thrown in /var/www/html/wp-content/plugins/brighty-core/templates/user-dashboard.php on line 22

2022-08-29T18:20:26+00:00 CRITICAL Uncaught Error: Call to undefined function get_default_localization() in /var/www/html/wp-content/plugins/brighty-core/templates/user-dashboard.php:22
Stack trace:
#0 /var/www/html/wp-includes/template-loader.php(106): include()
#1 /var/www/html/wp-blog-header.php(19): require_once('/var/www/html/w...')
#2 /var/www/html/index.php(17): require('/var/www/html/w...')
#3 {main}
  thrown in /var/www/html/wp-content/plugins/brighty-core/templates/user-dashboard.php on line 22

2022-08-29T18:33:21+00:00 CRITICAL Uncaught Error: Call to undefined function entry_footer() in /var/www/html/wp-content/plugins/brighty-core/templates/user-dashboard.php:44
Stack trace:
#0 /var/www/html/wp-includes/template-loader.php(106): include()
#1 /var/www/html/wp-blog-header.php(19): require_once('/var/www/html/w...')
#2 /var/www/html/index.php(17): require('/var/www/html/w...')
#3 {main}
  thrown in /var/www/html/wp-content/plugins/brighty-core/templates/user-dashboard.php on line 44

2022-08-29T18:33:30+00:00 CRITICAL Uncaught Error: Call to undefined function entry_footer() in /var/www/html/wp-content/plugins/brighty-core/templates/user-dashboard.php:44
Stack trace:
#0 /var/www/html/wp-includes/template-loader.php(106): include()
#1 /var/www/html/wp-blog-header.php(19): require_once('/var/www/html/w...')
#2 /var/www/html/index.php(17): require('/var/www/html/w...')
#3 {main}
  thrown in /var/www/html/wp-content/plugins/brighty-core/templates/user-dashboard.php on line 44

2022-08-29T18:34:06+00:00 CRITICAL Uncaught Error: Call to undefined function get_default_localization() in /var/www/html/wp-content/plugins/brighty-core/template-parts/footer.php:35
Stack trace:
#0 /var/www/html/wp-content/plugins/brighty-core/templates/user-dashboard.php(61): require_once()
#1 /var/www/html/wp-includes/template-loader.php(106): include('/var/www/html/w...')
#2 /var/www/html/wp-blog-header.php(19): require_once('/var/www/html/w...')
#3 /var/www/html/index.php(17): require('/var/www/html/w...')
#4 {main}
  thrown in /var/www/html/wp-content/plugins/brighty-core/template-parts/footer.php on line 35

2022-08-29T18:34:30+00:00 CRITICAL Uncaught Error: Call to undefined function get_default_localization() in /var/www/html/wp-content/plugins/brighty-core/template-parts/footer.php:35
Stack trace:
#0 /var/www/html/wp-content/plugins/brighty-core/templates/user-dashboard.php(61): require_once()
#1 /var/www/html/wp-includes/template-loader.php(106): include('/var/www/html/w...')
#2 /var/www/html/wp-blog-header.php(19): require_once('/var/www/html/w...')
#3 /var/www/html/index.php(17): require('/var/www/html/w...')
#4 {main}
  thrown in /var/www/html/wp-content/plugins/brighty-core/template-parts/footer.php on line 35

2022-08-29T18:43:49+00:00 CRITICAL Uncaught Error: Call to undefined function get_default_localization() in /var/www/html/wp-content/plugins/brighty-core/template-parts/footer.php:35
Stack trace:
#0 /var/www/html/wp-content/plugins/brighty-core/templates/user-dashboard.php(61): require_once()
#1 /var/www/html/wp-includes/template-loader.php(106): include('/var/www/html/w...')
#2 /var/www/html/wp-blog-header.php(19): require_once('/var/www/html/w...')
#3 /var/www/html/index.php(17): require('/var/www/html/w...')
#4 {main}
  thrown in /var/www/html/wp-content/plugins/brighty-core/template-parts/footer.php on line 35

