2022-10-06T06:57:55+00:00 CRITICAL Uncaught Error: Call to a member function have_posts() on array in /var/www/html/wp-content/plugins/brighty-core/templates/woocommerce/access.php:103
Stack trace:
#0 /var/www/html/wp-content/plugins/brighty-core/functions/wc-endpoints.php(108): require_once()
#1 /var/www/html/wp-includes/class-wp-hook.php(307): Brighty_WC_Endpoint->endpoint_content('')
#2 /var/www/html/wp-includes/class-wp-hook.php(331): WP_Hook->apply_filters('', Array)
#3 /var/www/html/wp-includes/plugin.php(476): WP_Hook->do_action(Array)
#4 /var/www/html/wp-content/plugins/woocommerce/includes/wc-template-functions.php(3158): do_action('woocommerce_acc...', '')
#5 /var/www/html/wp-includes/class-wp-hook.php(307): woocommerce_account_content('')
#6 /var/www/html/wp-includes/class-wp-hook.php(331): WP_Hook->apply_filters(NULL, Array)
#7 /var/www/html/wp-includes/plugin.php(476): WP_Hook->do_action(Array)
#8 /var/www/html/wp-content/plugins/woocommerce/templates/myaccount/my-account.php(34): do_action('woocommerce_acc...')
#9 /var/www/html/w in /var/www/html/wp-content/plugins/brighty-core/templates/woocommerce/access.php on line 103

2022-10-06T06:58:10+00:00 CRITICAL Uncaught Error: Call to a member function have_post() on array in /var/www/html/wp-content/plugins/brighty-core/templates/woocommerce/access.php:103
Stack trace:
#0 /var/www/html/wp-content/plugins/brighty-core/functions/wc-endpoints.php(108): require_once()
#1 /var/www/html/wp-includes/class-wp-hook.php(307): Brighty_WC_Endpoint->endpoint_content('')
#2 /var/www/html/wp-includes/class-wp-hook.php(331): WP_Hook->apply_filters('', Array)
#3 /var/www/html/wp-includes/plugin.php(476): WP_Hook->do_action(Array)
#4 /var/www/html/wp-content/plugins/woocommerce/includes/wc-template-functions.php(3158): do_action('woocommerce_acc...', '')
#5 /var/www/html/wp-includes/class-wp-hook.php(307): woocommerce_account_content('')
#6 /var/www/html/wp-includes/class-wp-hook.php(331): WP_Hook->apply_filters(NULL, Array)
#7 /var/www/html/wp-includes/plugin.php(476): WP_Hook->do_action(Array)
#8 /var/www/html/wp-content/plugins/woocommerce/templates/myaccount/my-account.php(34): do_action('woocommerce_acc...')
#9 /var/www/html/wp in /var/www/html/wp-content/plugins/brighty-core/templates/woocommerce/access.php on line 103

2022-10-06T07:03:31+00:00 CRITICAL Uncaught Error: Call to a member function have_post() on array in /var/www/html/wp-content/plugins/brighty-core/templates/woocommerce/access.php:103
Stack trace:
#0 /var/www/html/wp-content/plugins/brighty-core/functions/wc-endpoints.php(108): require_once()
#1 /var/www/html/wp-includes/class-wp-hook.php(307): Brighty_WC_Endpoint->endpoint_content('')
#2 /var/www/html/wp-includes/class-wp-hook.php(331): WP_Hook->apply_filters('', Array)
#3 /var/www/html/wp-includes/plugin.php(476): WP_Hook->do_action(Array)
#4 /var/www/html/wp-content/plugins/woocommerce/includes/wc-template-functions.php(3158): do_action('woocommerce_acc...', '')
#5 /var/www/html/wp-includes/class-wp-hook.php(307): woocommerce_account_content('')
#6 /var/www/html/wp-includes/class-wp-hook.php(331): WP_Hook->apply_filters(NULL, Array)
#7 /var/www/html/wp-includes/plugin.php(476): WP_Hook->do_action(Array)
#8 /var/www/html/wp-content/plugins/woocommerce/templates/myaccount/my-account.php(34): do_action('woocommerce_acc...')
#9 /var/www/html/wp in /var/www/html/wp-content/plugins/brighty-core/templates/woocommerce/access.php on line 103

2022-10-06T07:05:23+00:00 CRITICAL Uncaught Error: Call to a member function have_post() on array in /var/www/html/wp-content/plugins/brighty-core/templates/woocommerce/access.php:103
Stack trace:
#0 /var/www/html/wp-content/plugins/brighty-core/functions/wc-endpoints.php(108): require_once()
#1 /var/www/html/wp-includes/class-wp-hook.php(307): Brighty_WC_Endpoint->endpoint_content('')
#2 /var/www/html/wp-includes/class-wp-hook.php(331): WP_Hook->apply_filters('', Array)
#3 /var/www/html/wp-includes/plugin.php(476): WP_Hook->do_action(Array)
#4 /var/www/html/wp-content/plugins/woocommerce/includes/wc-template-functions.php(3158): do_action('woocommerce_acc...', '')
#5 /var/www/html/wp-includes/class-wp-hook.php(307): woocommerce_account_content('')
#6 /var/www/html/wp-includes/class-wp-hook.php(331): WP_Hook->apply_filters(NULL, Array)
#7 /var/www/html/wp-includes/plugin.php(476): WP_Hook->do_action(Array)
#8 /var/www/html/wp-content/plugins/woocommerce/templates/myaccount/my-account.php(34): do_action('woocommerce_acc...')
#9 /var/www/html/wp in /var/www/html/wp-content/plugins/brighty-core/templates/woocommerce/access.php on line 103

2022-10-06T07:08:15+00:00 CRITICAL Uncaught Error: Call to undefined method WP_Post::get_the_title() in /var/www/html/wp-content/plugins/brighty-core/templates/woocommerce/access.php:118
Stack trace:
#0 /var/www/html/wp-content/plugins/brighty-core/functions/wc-endpoints.php(108): require_once()
#1 /var/www/html/wp-includes/class-wp-hook.php(307): Brighty_WC_Endpoint->endpoint_content('')
#2 /var/www/html/wp-includes/class-wp-hook.php(331): WP_Hook->apply_filters('', Array)
#3 /var/www/html/wp-includes/plugin.php(476): WP_Hook->do_action(Array)
#4 /var/www/html/wp-content/plugins/woocommerce/includes/wc-template-functions.php(3158): do_action('woocommerce_acc...', '')
#5 /var/www/html/wp-includes/class-wp-hook.php(307): woocommerce_account_content('')
#6 /var/www/html/wp-includes/class-wp-hook.php(331): WP_Hook->apply_filters(NULL, Array)
#7 /var/www/html/wp-includes/plugin.php(476): WP_Hook->do_action(Array)
#8 /var/www/html/wp-content/plugins/woocommerce/templates/myaccount/my-account.php(34): do_action('woocommerce_acc...')
#9 /var/www/html in /var/www/html/wp-content/plugins/brighty-core/templates/woocommerce/access.php on line 118

2022-10-06T07:08:25+00:00 CRITICAL Uncaught Error: Call to undefined method WP_Post::the_title() in /var/www/html/wp-content/plugins/brighty-core/templates/woocommerce/access.php:118
Stack trace:
#0 /var/www/html/wp-content/plugins/brighty-core/functions/wc-endpoints.php(108): require_once()
#1 /var/www/html/wp-includes/class-wp-hook.php(307): Brighty_WC_Endpoint->endpoint_content('')
#2 /var/www/html/wp-includes/class-wp-hook.php(331): WP_Hook->apply_filters('', Array)
#3 /var/www/html/wp-includes/plugin.php(476): WP_Hook->do_action(Array)
#4 /var/www/html/wp-content/plugins/woocommerce/includes/wc-template-functions.php(3158): do_action('woocommerce_acc...', '')
#5 /var/www/html/wp-includes/class-wp-hook.php(307): woocommerce_account_content('')
#6 /var/www/html/wp-includes/class-wp-hook.php(331): WP_Hook->apply_filters(NULL, Array)
#7 /var/www/html/wp-includes/plugin.php(476): WP_Hook->do_action(Array)
#8 /var/www/html/wp-content/plugins/woocommerce/templates/myaccount/my-account.php(34): do_action('woocommerce_acc...')
#9 /var/www/html/wp- in /var/www/html/wp-content/plugins/brighty-core/templates/woocommerce/access.php on line 118

